# JRE version: Java(TM) SE Runtime Environment (8.0_181-b13) (build 1.8.0_181-b13)
# Java VM: Java HotSpot(TM) 64-Bit Server VM (25.181-b13 mixed mode linux-amd64 compressed oops)
Heap:
 PSYoungGen      total 310784K, used 14785K [0x00000000d5580000, 0x00000000f4680000, 0x0000000100000000)
  eden space 161792K, 0% used [0x00000000d5580000,0x00000000d5580000,0x00000000df380000)
  from space 148992K, 9% used [0x00000000df380000,0x00000000e01f0450,0x00000000e8500000)
  to   space 150016K, 0% used [0x00000000eb400000,0x00000000eb400000,0x00000000f4680000)
 ParOldGen       total 752128K, used 751977K [0x0000000080000000, 0x00000000ade80000, 0x00000000d5580000)
  object space 752128K, 99% used [0x0000000080000000,0x00000000ade5a770,0x00000000ade80000)
 Metaspace       used 6153K, capacity 6776K, committed 7040K, reserved 1056768K
  class space    used 591K, capacity 624K, committed 640K, reserved 1048576K
GC Heap History (10 events):
Event: 48,616 GC heap after
Heap after GC invocations=23 (full 5):
 PSYoungGen      total 268800K, used 135028K [0x00000000d5580000, 0x00000000f3100000, 0x0000000100000000)
  eden space 124416K, 0% used [0x00000000d5580000,0x00000000d5580000,0x00000000dcf00000)
  from space 144384K, 93% used [0x00000000e7000000,0x00000000ef3dd160,0x00000000efd00000)
  to   space 164864K, 0% used [0x00000000dcf00000,0x00000000dcf00000,0x00000000e7000000)
 ParOldGen       total 506368K, used 419852K [0x0000000080000000, 0x000000009ee80000, 0x00000000d5580000)
  object space 506368K, 82% used [0x0000000080000000,0x0000000099a03230,0x000000009ee80000)
 Metaspace       used 6148K, capacity 6776K, committed 7040K, reserved 1056768K
  class space    used 591K, capacity 624K, committed 640K, reserved 1048576K
}
Event: 49,373 GC heap before
{Heap before GC invocations=24 (full 5):
 PSYoungGen      total 268800K, used 259444K [0x00000000d5580000, 0x00000000f3100000, 0x0000000100000000)
  eden space 124416K, 100% used [0x00000000d5580000,0x00000000dcf00000,0x00000000dcf00000)
  from space 144384K, 93% used [0x00000000e7000000,0x00000000ef3dd160,0x00000000efd00000)
  to   space 164864K, 0% used [0x00000000dcf00000,0x00000000dcf00000,0x00000000e7000000)
 ParOldGen       total 506368K, used 419852K [0x0000000080000000, 0x000000009ee80000, 0x00000000d5580000)
  object space 506368K, 82% used [0x0000000080000000,0x0000000099a03230,0x000000009ee80000)
 Metaspace       used 6149K, capacity 6776K, committed 7040K, reserved 1056768K
  class space    used 591K, capacity 624K, committed 640K, reserved 1048576K
Event: 66,482 GC heap after
Heap after GC invocations=24 (full 5):
 PSYoungGen      total 289280K, used 67255K [0x00000000d5580000, 0x00000000f2280000, 0x0000000100000000)
  eden space 124416K, 0% used [0x00000000d5580000,0x00000000d5580000,0x00000000dcf00000)
  from space 164864K, 40% used [0x00000000dcf00000,0x00000000e10adee8,0x00000000e7000000)
  to   space 156160K, 0% used [0x00000000e8a00000,0x00000000e8a00000,0x00000000f2280000)
 ParOldGen       total 554496K, used 553657K [0x0000000080000000, 0x00000000a1d80000, 0x00000000d5580000)
  object space 554496K, 99% used [0x0000000080000000,0x00000000a1cae4c8,0x00000000a1d80000)
 Metaspace       used 6149K, capacity 6776K, committed 7040K, reserved 1056768K
  class space    used 591K, capacity 624K, committed 640K, reserved 1048576K
}
Event: 66,629 GC heap before
{Heap before GC invocations=25 (full 6):
 PSYoungGen      total 289280K, used 67255K [0x00000000d5580000, 0x00000000f2280000, 0x0000000100000000)
  eden space 124416K, 0% used [0x00000000d5580000,0x00000000d5580000,0x00000000dcf00000)
  from space 164864K, 40% used [0x00000000dcf00000,0x00000000e10adee8,0x00000000e7000000)
  to   space 156160K, 0% used [0x00000000e8a00000,0x00000000e8a00000,0x00000000f2280000)
 ParOldGen       total 554496K, used 553657K [0x0000000080000000, 0x00000000a1d80000, 0x00000000d5580000)
  object space 554496K, 99% used [0x0000000080000000,0x00000000a1cae4c8,0x00000000a1d80000)
 Metaspace       used 6149K, capacity 6776K, committed 7040K, reserved 1056768K
  class space    used 591K, capacity 624K, committed 640K, reserved 1048576K
Event: 72,290 GC heap after
Heap after GC invocations=25 (full 6):
 PSYoungGen      total 289280K, used 60217K [0x00000000d5580000, 0x00000000f2280000, 0x0000000100000000)
  eden space 124416K, 0% used [0x00000000d5580000,0x00000000d5580000,0x00000000dcf00000)
  from space 164864K, 36% used [0x00000000dcf00000,0x00000000e09ce6f8,0x00000000e7000000)
  to   space 156160K, 0% used [0x00000000e8a00000,0x00000000e8a00000,0x00000000f2280000)
 ParOldGen       total 752128K, used 554256K [0x0000000080000000, 0x00000000ade80000, 0x00000000d5580000)
  object space 752128K, 73% used [0x0000000080000000,0x00000000a1d442b8,0x00000000ade80000)
 Metaspace       used 6149K, capacity 6776K, committed 7040K, reserved 1056768K
  class space    used 591K, capacity 624K, committed 640K, reserved 1048576K
}
Event: 76,191 GC heap before
{Heap before GC invocations=26 (full 6):
 PSYoungGen      total 289280K, used 184633K [0x00000000d5580000, 0x00000000f2280000, 0x0000000100000000)
  eden space 124416K, 100% used [0x00000000d5580000,0x00000000dcf00000,0x00000000dcf00000)
  from space 164864K, 36% used [0x00000000dcf00000,0x00000000e09ce6f8,0x00000000e7000000)
  to   space 156160K, 0% used [0x00000000e8a00000,0x00000000e8a00000,0x00000000f2280000)
 ParOldGen       total 752128K, used 554256K [0x0000000080000000, 0x00000000ade80000, 0x00000000d5580000)
  object space 752128K, 73% used [0x0000000080000000,0x00000000a1d442b8,0x00000000ade80000)
 Metaspace       used 6153K, capacity 6776K, committed 7040K, reserved 1056768K
  class space    used 591K, capacity 624K, committed 640K, reserved 1048576K
Event: 101,001 GC heap after
Heap after GC invocations=26 (full 6):
 PSYoungGen      total 305664K, used 68923K [0x00000000d5580000, 0x00000000f1680000, 0x0000000100000000)
  eden space 161792K, 0% used [0x00000000d5580000,0x00000000d5580000,0x00000000df380000)
  from space 143872K, 47% used [0x00000000e8a00000,0x00000000ecd4ef58,0x00000000f1680000)
  to   space 148992K, 0% used [0x00000000df380000,0x00000000df380000,0x00000000e8500000)
 ParOldGen       total 752128K, used 613500K [0x0000000080000000, 0x00000000ade80000, 0x00000000d5580000)
  object space 752128K, 81% used [0x0000000080000000,0x00000000a571f228,0x00000000ade80000)
 Metaspace       used 6153K, capacity 6776K, committed 7040K, reserved 1056768K
  class space    used 591K, capacity 624K, committed 640K, reserved 1048576K
}
Event: 113,665 GC heap before
{Heap before GC invocations=27 (full 6):
 PSYoungGen      total 305664K, used 230715K [0x00000000d5580000, 0x00000000f1680000, 0x0000000100000000)
  eden space 161792K, 100% used [0x00000000d5580000,0x00000000df380000,0x00000000df380000)
  from space 143872K, 47% used [0x00000000e8a00000,0x00000000ecd4ef58,0x00000000f1680000)
  to   space 148992K, 0% used [0x00000000df380000,0x00000000df380000,0x00000000e8500000)
 ParOldGen       total 752128K, used 613500K [0x0000000080000000, 0x00000000ade80000, 0x00000000d5580000)
  object space 752128K, 81% used [0x0000000080000000,0x00000000a571f228,0x00000000ade80000)
 Metaspace       used 6153K, capacity 6776K, committed 7040K, reserved 1056768K
  class space    used 591K, capacity 624K, committed 640K, reserved 1048576K
Event: 120,627 GC heap after
Heap after GC invocations=27 (full 6):
 PSYoungGen      total 310784K, used 88800K [0x00000000d5580000, 0x00000000f4680000, 0x0000000100000000)
  eden space 161792K, 0% used [0x00000000d5580000,0x00000000d5580000,0x00000000df380000)
  from space 148992K, 59% used [0x00000000df380000,0x00000000e4a382d0,0x00000000e8500000)
  to   space 150016K, 0% used [0x00000000eb400000,0x00000000eb400000,0x00000000f4680000)
 ParOldGen       total 752128K, used 680945K [0x0000000080000000, 0x00000000ade80000, 0x00000000d5580000)
  object space 752128K, 90% used [0x0000000080000000,0x00000000a98fc460,0x00000000ade80000)
 Metaspace       used 6153K, capacity 6776K, committed 7040K, reserved 1056768K
  class space    used 591K, capacity 624K, committed 640K, reserved 1048576K
}
Event: 120,627 GC heap before
{Heap before GC invocations=28 (full 7):
 PSYoungGen      total 310784K, used 88800K [0x00000000d5580000, 0x00000000f4680000, 0x0000000100000000)
  eden space 161792K, 0% used [0x00000000d5580000,0x00000000d5580000,0x00000000df380000)
  from space 148992K, 59% used [0x00000000df380000,0x00000000e4a382d0,0x00000000e8500000)
  to   space 150016K, 0% used [0x00000000eb400000,0x00000000eb400000,0x00000000f4680000)
 ParOldGen       total 752128K, used 680945K [0x0000000080000000, 0x00000000ade80000, 0x00000000d5580000)
  object space 752128K, 90% used [0x0000000080000000,0x00000000a98fc460,0x00000000ade80000)
 Metaspace       used 6153K, capacity 6776K, committed 7040K, reserved 1056768K
  class space    used 591K, capacity 624K, committed 640K, reserved 1048576K

